<?xml version="1.0"?>
<!DOCTYPE coverage SYSTEM "http://cobertura.sourceforge.net/xml/coverage-04.dtd">

<coverage line-rate="0.37969924812030076" branch-rate="0.25891946992864423" lines-covered="606" lines-valid="1596" branches-covered="254" branches-valid="981" complexity="3.3715277777777777" version="2.1.1" timestamp="1606011110287">
	<sources>
		<source>C:/Users/knoxg/workspace-4.15.0-sts-4.6.0-randomnoun/git/jessop/src/main/java</source>
		<source>--source</source>
		<source>C:/Users/knoxg/workspace-4.15.0-sts-4.6.0-randomnoun/git/jessop/target/generated-sources/annotations</source>
	</sources>
	<packages>
		<package name="com.randomnoun.common.jessop" line-rate="0.7163120567375887" branch-rate="0.5508021390374331" complexity="3.0">
			<classes>
				<class name="com.randomnoun.common.jessop.AbstractJessopScriptBuilder" filename="com/randomnoun/common/jessop/AbstractJessopScriptBuilder.java" line-rate="0.7936507936507936" branch-rate="0.5" complexity="3.0">
					<methods>
						<method name="&lt;init&gt;" signature="()V" line-rate="1.0" branch-rate="1.0" complexity="0">
							<lines>
								<line number="30" hits="1992" branch="false"/>
								<line number="34" hits="996" branch="false"/>
							</lines>
						</method>
						<method name="emitDeclaration" signature="(ILjava/lang/String;)V" line-rate="0.7380952380952381" branch-rate="0.45454545454545453" complexity="0">
							<lines>
								<line number="58" hits="168" branch="false"/>
								<line number="63" hits="168" branch="false"/>
								<line number="64" hits="168" branch="false"/>
								<line number="65" hits="168" branch="true" condition-coverage="50% (1/2)">
									<conditions>
										<condition number="0" type="jump" coverage="50%"/>
									</conditions>
								</line>
								<line number="66" hits="168" branch="false"/>
								<line number="67" hits="168" branch="false"/>
								<line number="68" hits="0" branch="false"/>
								<line number="70" hits="168" branch="true" condition-coverage="50% (1/2)">
									<conditions>
										<condition number="0" type="jump" coverage="50%"/>
									</conditions>
								</line>
								<line number="71" hits="0" branch="false"/>
								<line number="73" hits="0" branch="false"/>
								<line number="75" hits="168" branch="false"/>
								<line number="76" hits="168" branch="false"/>
								<line number="77" hits="168" branch="false"/>
								<line number="78" hits="168" branch="false"/>
								<line number="79" hits="678" branch="true" condition-coverage="100% (2/2)">
									<conditions>
										<condition number="0" type="jump" coverage="100%"/>
									</conditions>
								</line>
								<line number="81" hits="342" branch="false"/>
								<line number="82" hits="342" branch="false"/>
								<line number="83" hits="342" branch="true" condition-coverage="100% (2/2)">
									<conditions>
										<condition number="0" type="jump" coverage="100%"/>
									</conditions>
								</line>
								<line number="86" hits="168" branch="false"/>
								<line number="87" hits="168" branch="false"/>
								<line number="88" hits="168" branch="false"/>
								<line number="89" hits="168" branch="false"/>
								<line number="90" hits="168" branch="false"/>
								<line number="93" hits="168" branch="false"/>
								<line number="94" hits="168" branch="false"/>
								<line number="95" hits="168" branch="false"/>
								<line number="133" hits="168" branch="true" condition-coverage="100% (2/2)">
									<conditions>
										<condition number="0" type="jump" coverage="100%"/>
									</conditions>
								</line>
								<line number="137" hits="138" branch="true" condition-coverage="50% (1/2)">
									<conditions>
										<condition number="0" type="jump" coverage="50%"/>
									</conditions>
								</line>
								<line number="138" hits="0" branch="false"/>
								<line number="140" hits="138" branch="false"/>
								<line number="142" hits="138" branch="true" condition-coverage="50% (1/2)">
									<conditions>
										<condition number="0" type="jump" coverage="50%"/>
									</conditions>
								</line>
								<line number="143" hits="36" branch="false"/>
								<line number="145" hits="36" branch="true" condition-coverage="0% (0/2)">
									<conditions>
										<condition number="0" type="jump" coverage="0%"/>
									</conditions>
								</line>
								<line number="146" hits="0" branch="false"/>
								<line number="148" hits="0" branch="true" condition-coverage="0% (0/2)">
									<conditions>
										<condition number="0" type="jump" coverage="0%"/>
									</conditions>
								</line>
								<line number="149" hits="0" branch="false"/>
								<line number="151" hits="0" branch="true" condition-coverage="0% (0/2)">
									<conditions>
										<condition number="0" type="jump" coverage="0%"/>
									</conditions>
								</line>
								<line number="152" hits="0" branch="false"/>
								<line number="154" hits="0" branch="true" condition-coverage="0% (0/2)">
									<conditions>
										<condition number="0" type="jump" coverage="0%"/>
									</conditions>
								</line>
								<line number="155" hits="0" branch="false"/>
								<line number="158" hits="342" branch="false"/>
								<line number="160" hits="168" branch="false"/>
							</lines>
						</method>
						<method name="getDeclarations" signature="()Lcom/randomnoun/common/jessop/JessopDeclarations;" line-rate="1.0" branch-rate="1.0" complexity="0">
							<lines>
								<line number="51" hits="177" branch="false"/>
							</lines>
						</method>
						<method name="getDefaultBindingsConverterClassName" signature="()Ljava/lang/String;" line-rate="1.0" branch-rate="1.0" complexity="0">
							<lines>
								<line number="178" hits="132" branch="false"/>
							</lines>
						</method>
						<method name="getDefaultExceptionConverterClassName" signature="()Ljava/lang/String;" line-rate="1.0" branch-rate="1.0" complexity="0">
							<lines>
								<line number="173" hits="90" branch="false"/>
							</lines>
						</method>
						<method name="setPrintWriter" signature="(Ljava/io/PrintWriter;)V" line-rate="1.0" branch-rate="1.0" complexity="0">
							<lines>
								<line number="41" hits="345" branch="false"/>
								<line number="42" hits="345" branch="false"/>
							</lines>
						</method>
						<method name="setTokeniserAndDeclarations" signature="(Lcom/randomnoun/common/jessop/Tokeniser;Lcom/randomnoun/common/jessop/JessopDeclarations;)V" line-rate="1.0" branch-rate="1.0" complexity="0">
							<lines>
								<line number="46" hits="345" branch="false"/>
								<line number="47" hits="345" branch="false"/>
								<line number="48" hits="345" branch="false"/>
							</lines>
						</method>
						<method name="suppressEol" signature="(Ljava/lang/String;Z)Ljava/lang/String;" line-rate="0.8181818181818182" branch-rate="0.5714285714285714" complexity="0">
							<lines>
								<line number="201" hits="708" branch="true" condition-coverage="100% (4/4)">
									<conditions>
										<condition number="0" type="jump" coverage="100%"/>
										<condition number="1" type="jump" coverage="100%"/>
									</conditions>
								</line>
								<line number="202" hits="78" branch="false"/>
								<line number="203" hits="78" branch="false"/>
								<line number="204" hits="156" branch="true" condition-coverage="50% (2/4)">
									<conditions>
										<condition number="0" type="jump" coverage="50%"/>
										<condition number="1" type="jump" coverage="50%"/>
									</conditions>
								</line>
								<line number="205" hits="78" branch="false"/>
								<line number="206" hits="78" branch="true" condition-coverage="50% (1/2)">
									<conditions>
										<condition number="0" type="jump" coverage="50%"/>
									</conditions>
								</line>
								<line number="207" hits="0" branch="true" condition-coverage="0% (0/2)">
									<conditions>
										<condition number="0" type="jump" coverage="0%"/>
									</conditions>
								</line>
								<line number="208" hits="0" branch="false"/>
								<line number="210" hits="78" branch="true" condition-coverage="50% (1/2)">
									<conditions>
										<condition number="0" type="jump" coverage="50%"/>
									</conditions>
								</line>
								<line number="211" hits="78" branch="false"/>
								<line number="214" hits="708" branch="false"/>
							</lines>
						</method>
					</methods>
					<lines>
						<line number="30" hits="1992" branch="false"/>
						<line number="34" hits="996" branch="false"/>
						<line number="41" hits="345" branch="false"/>
						<line number="42" hits="345" branch="false"/>
						<line number="46" hits="345" branch="false"/>
						<line number="47" hits="345" branch="false"/>
						<line number="48" hits="345" branch="false"/>
						<line number="51" hits="177" branch="false"/>
						<line number="58" hits="168" branch="false"/>
						<line number="63" hits="168" branch="false"/>
						<line number="64" hits="168" branch="false"/>
						<line number="65" hits="168" branch="true" condition-coverage="50% (1/2)">
							<conditions>
								<condition number="0" type="jump" coverage="50%"/>
							</conditions>
						</line>
						<line number="66" hits="168" branch="false"/>
						<line number="67" hits="168" branch="false"/>
						<line number="68" hits="0" branch="false"/>
						<line number="70" hits="168" branch="true" condition-coverage="50% (1/2)">
							<conditions>
								<condition number="0" type="jump" coverage="50%"/>
							</conditions>
						</line>
						<line number="71" hits="0" branch="false"/>
						<line number="73" hits="0" branch="false"/>
						<line number="75" hits="168" branch="false"/>
						<line number="76" hits="168" branch="false"/>
						<line number="77" hits="168" branch="false"/>
						<line number="78" hits="168" branch="false"/>
						<line number="79" hits="678" branch="true" condition-coverage="100% (2/2)">
							<conditions>
								<condition number="0" type="jump" coverage="100%"/>
							</conditions>
						</line>
						<line number="81" hits="342" branch="false"/>
						<line number="82" hits="342" branch="false"/>
						<line number="83" hits="342" branch="true" condition-coverage="100% (2/2)">
							<conditions>
								<condition number="0" type="jump" coverage="100%"/>
							</conditions>
						</line>
						<line number="86" hits="168" branch="false"/>
						<line number="87" hits="168" branch="false"/>
						<line number="88" hits="168" branch="false"/>
						<line number="89" hits="168" branch="false"/>
						<line number="90" hits="168" branch="false"/>
						<line number="93" hits="168" branch="false"/>
						<line number="94" hits="168" branch="false"/>
						<line number="95" hits="168" branch="false"/>
						<line number="133" hits="168" branch="true" condition-coverage="100% (2/2)">
							<conditions>
								<condition number="0" type="jump" coverage="100%"/>
							</conditions>
						</line>
						<line number="137" hits="138" branch="true" condition-coverage="50% (1/2)">
							<conditions>
								<condition number="0" type="jump" coverage="50%"/>
							</conditions>
						</line>
						<line number="138" hits="0" branch="false"/>
						<line number="140" hits="138" branch="false"/>
						<line number="142" hits="138" branch="true" condition-coverage="50% (1/2)">
							<conditions>
								<condition number="0" type="jump" coverage="50%"/>
							</conditions>
						</line>
						<line number="143" hits="36" branch="false"/>
						<line number="145" hits="36" branch="true" condition-coverage="0% (0/2)">
							<conditions>
								<condition number="0" type="jump" coverage="0%"/>
							</conditions>
						</line>
						<line number="146" hits="0" branch="false"/>
						<line number="148" hits="0" branch="true" condition-coverage="0% (0/2)">
							<conditions>
								<condition number="0" type="jump" coverage="0%"/>
							</conditions>
						</line>
						<line number="149" hits="0" branch="false"/>
						<line number="151" hits="0" branch="true" condition-coverage="0% (0/2)">
							<conditions>
								<condition number="0" type="jump" coverage="0%"/>
							</conditions>
						</line>
						<line number="152" hits="0" branch="false"/>
						<line number="154" hits="0" branch="true" condition-coverage="0% (0/2)">
							<conditions>
								<condition number="0" type="jump" coverage="0%"/>
							</conditions>
						</line>
						<line number="155" hits="0" branch="false"/>
						<line number="158" hits="342" branch="false"/>
						<line number="160" hits="168" branch="false"/>
						<line number="173" hits="90" branch="false"/>
						<line number="178" hits="132" branch="false"/>
						<line number="201" hits="708" branch="true" condition-coverage="100% (4/4)">
							<conditions>
								<condition number="0" type="jump" coverage="100%"/>
								<condition number="1" type="jump" coverage="100%"/>
							</conditions>
						</line>
						<line number="202" hits="78" branch="false"/>
						<line number="203" hits="78" branch="false"/>
						<line number="204" hits="156" branch="true" condition-coverage="50% (2/4)">
							<conditions>
								<condition number="0" type="jump" coverage="50%"/>
								<condition number="1" type="jump" coverage="50%"/>
							</conditions>
						</line>
						<line number="205" hits="78" branch="false"/>
						<line number="206" hits="78" branch="true" condition-coverage="50% (1/2)">
							<conditions>
								<condition number="0" type="jump" coverage="50%"/>
							</conditions>
						</line>
						<line number="207" hits="0" branch="true" condition-coverage="0% (0/2)">
							<conditions>
								<condition number="0" type="jump" coverage="0%"/>
							</conditions>
						</line>
						<line number="208" hits="0" branch="false"/>
						<line number="210" hits="78" branch="true" condition-coverage="50% (1/2)">
							<conditions>
								<condition number="0" type="jump" coverage="50%"/>
							</conditions>
						</line>
						<line number="211" hits="78" branch="false"/>
						<line number="214" hits="708" branch="false"/>
					</lines>
				</class>
				<class name="com.randomnoun.common.jessop.JessopBindingsConverter" filename="com/randomnoun/common/jessop/JessopBindingsConverter.java" line-rate="1.0" branch-rate="1.0" complexity="1.0">
					<methods>
					</methods>
					<lines>
					</lines>
				</class>
				<class name="com.randomnoun.common.jessop.JessopCompiledScript" filename="com/randomnoun/common/jessop/JessopCompiledScript.java" line-rate="0.7903225806451613" branch-rate="0.5384615384615384" complexity="5.75">
					<methods>
						<method name="&lt;init&gt;" signature="(Ljavax/script/ScriptEngine;ZLjava/lang/String;Ljava/lang/String;Lcom/randomnoun/common/jessop/JessopExceptionConverter;Lcom/randomnoun/common/jessop/JessopBindingsConverter;)V" line-rate="0.5294117647058824" branch-rate="0.2" complexity="0">
							<lines>
								<line number="48" hits="177" branch="false"/>
								<line number="53" hits="177" branch="true" condition-coverage="50% (1/2)">
									<conditions>
										<condition number="0" type="jump" coverage="50%"/>
									</conditions>
								</line>
								<line number="54" hits="177" branch="false"/>
								<line number="55" hits="177" branch="false"/>
								<line number="56" hits="177" branch="false"/>
								<line number="57" hits="177" branch="false"/>
								<line number="58" hits="177" branch="false"/>
								<line number="59" hits="177" branch="true" condition-coverage="25% (1/4)">
									<conditions>
										<condition number="0" type="jump" coverage="50%"/>
										<condition number="1" type="jump" coverage="0%"/>
									</conditions>
								</line>
								<line number="63" hits="0" branch="true" condition-coverage="0% (0/2)">
									<conditions>
										<condition number="0" type="jump" coverage="0%"/>
									</conditions>
								</line>
								<line number="65" hits="0" branch="false"/>
								<line number="66" hits="0" branch="false"/>
								<line number="68" hits="0" branch="false"/>
								<line number="70" hits="0" branch="false"/>
								<line number="71" hits="0" branch="false"/>
								<line number="73" hits="0" branch="true" condition-coverage="0% (0/2)">
									<conditions>
										<condition number="0" type="jump" coverage="0%"/>
									</conditions>
								</line>
								<line number="76" hits="0" branch="false"/>
								<line number="80" hits="177" branch="false"/>
							</lines>
						</method>
						<method name="eval" signature="(Ljavax/script/ScriptContext;)Ljava/lang/Object;" line-rate="0.9069767441860465" branch-rate="0.75" complexity="0">
							<lines>
								<line number="94" hits="90" branch="true" condition-coverage="100% (2/2)">
									<conditions>
										<condition number="0" type="jump" coverage="100%"/>
									</conditions>
								</line>
								<line number="95" hits="36" branch="false"/>
								<line number="96" hits="36" branch="false"/>
								<line number="102" hits="54" branch="true" condition-coverage="100% (2/2)">
									<conditions>
										<condition number="0" type="jump" coverage="100%"/>
									</conditions>
								</line>
								<line number="103" hits="12" branch="false"/>
								<line number="104" hits="12" branch="false"/>
								<line number="105" hits="12" branch="true" condition-coverage="50% (1/2)">
									<conditions>
										<condition number="0" type="jump" coverage="50%"/>
									</conditions>
								</line>
								<line number="106" hits="12" branch="false"/>
								<line number="107" hits="12" branch="false"/>
								<line number="110" hits="12" branch="false"/>
								<line number="111" hits="12" branch="false"/>
								<line number="112" hits="12" branch="false"/>
								<line number="113" hits="12" branch="false"/>
								<line number="114" hits="12" branch="false"/>
								<line number="115" hits="12" branch="false"/>
								<line number="116" hits="12" branch="false"/>
								<line number="117" hits="12" branch="false"/>
								<line number="121" hits="42" branch="false"/>
								<line number="122" hits="42" branch="true" condition-coverage="100% (2/2)">
									<conditions>
										<condition number="0" type="jump" coverage="100%"/>
									</conditions>
								</line>
								<line number="125" hits="9" branch="false"/>
								<line number="126" hits="9" branch="true" condition-coverage="50% (1/2)">
									<conditions>
										<condition number="0" type="jump" coverage="50%"/>
									</conditions>
								</line>
								<line number="127" hits="9" branch="false"/>
								<line number="130" hits="9" branch="false"/>
								<line number="131" hits="9" branch="false"/>
								<line number="132" hits="9" branch="false"/>
								<line number="133" hits="9" branch="false"/>
								<line number="134" hits="9" branch="false"/>
								<line number="140" hits="90" branch="true" condition-coverage="50% (1/2)">
									<conditions>
										<condition number="0" type="jump" coverage="50%"/>
									</conditions>
								</line>
								<line number="141" hits="0" branch="false"/>
								<line number="142" hits="0" branch="false"/>
								<line number="143" hits="90" branch="false"/>
								<line number="145" hits="90" branch="false"/>
								<line number="146" hits="90" branch="false"/>
								<line number="149" hits="90" branch="true" condition-coverage="50% (1/2)">
									<conditions>
										<condition number="0" type="jump" coverage="50%"/>
									</conditions>
								</line>
								<line number="150" hits="0" branch="false"/>
								<line number="151" hits="0" branch="false"/>
								<line number="152" hits="90" branch="false"/>
								<line number="154" hits="75" branch="false"/>
								<line number="155" hits="15" branch="true" condition-coverage="100% (2/2)">
									<conditions>
										<condition number="0" type="jump" coverage="100%"/>
									</conditions>
								</line>
								<line number="156" hits="9" branch="false"/>
								<line number="158" hits="6" branch="false"/>
								<line number="161" hits="75" branch="false"/>
								<line number="162" hits="75" branch="false"/>
							</lines>
						</method>
						<method name="getEngine" signature="()Ljavax/script/ScriptEngine;" line-rate="0.0" branch-rate="1.0" complexity="0">
							<lines>
								<line number="168" hits="0" branch="false"/>
							</lines>
						</method>
						<method name="getSource" signature="()Ljava/lang/String;" line-rate="1.0" branch-rate="1.0" complexity="0">
							<lines>
								<line number="176" hits="87" branch="false"/>
							</lines>
						</method>
					</methods>
					<lines>
						<line number="48" hits="177" branch="false"/>
						<line number="53" hits="177" branch="true" condition-coverage="50% (1/2)">
							<conditions>
								<condition number="0" type="jump" coverage="50%"/>
							</conditions>
						</line>
						<line number="54" hits="177" branch="false"/>
						<line number="55" hits="177" branch="false"/>
						<line number="56" hits="177" branch="false"/>
						<line number="57" hits="177" branch="false"/>
						<line number="58" hits="177" branch="false"/>
						<line number="59" hits="177" branch="true" condition-coverage="25% (1/4)">
							<conditions>
								<condition number="0" type="jump" coverage="50%"/>
								<condition number="1" type="jump" coverage="0%"/>
							</conditions>
						</line>
						<line number="63" hits="0" branch="true" condition-coverage="0% (0/2)">
							<conditions>
								<condition number="0" type="jump" coverage="0%"/>
							</conditions>
						</line>
						<line number="65" hits="0" branch="false"/>
						<line number="66" hits="0" branch="false"/>
						<line number="68" hits="0" branch="false"/>
						<line number="70" hits="0" branch="false"/>
						<line number="71" hits="0" branch="false"/>
						<line number="73" hits="0" branch="true" condition-coverage="0% (0/2)">
							<conditions>
								<condition number="0" type="jump" coverage="0%"/>
							</conditions>
						</line>
						<line number="76" hits="0" branch="false"/>
						<line number="80" hits="177" branch="false"/>
						<line number="94" hits="90" branch="true" condition-coverage="100% (2/2)">
							<conditions>
								<condition number="0" type="jump" coverage="100%"/>
							</conditions>
						</line>
						<line number="95" hits="36" branch="false"/>
						<line number="96" hits="36" branch="false"/>
						<line number="102" hits="54" branch="true" condition-coverage="100% (2/2)">
							<conditions>
								<condition number="0" type="jump" coverage="100%"/>
							</conditions>
						</line>
						<line number="103" hits="12" branch="false"/>
						<line number="104" hits="12" branch="false"/>
						<line number="105" hits="12" branch="true" condition-coverage="50% (1/2)">
							<conditions>
								<condition number="0" type="jump" coverage="50%"/>
							</conditions>
						</line>
						<line number="106" hits="12" branch="false"/>
						<line number="107" hits="12" branch="false"/>
						<line number="110" hits="12" branch="false"/>
						<line number="111" hits="12" branch="false"/>
						<line number="112" hits="12" branch="false"/>
						<line number="113" hits="12" branch="false"/>
						<line number="114" hits="12" branch="false"/>
						<line number="115" hits="12" branch="false"/>
						<line number="116" hits="12" branch="false"/>
						<line number="117" hits="12" branch="false"/>
						<line number="121" hits="42" branch="false"/>
						<line number="122" hits="42" branch="true" condition-coverage="100% (2/2)">
							<conditions>
								<condition number="0" type="jump" coverage="100%"/>
							</conditions>
						</line>
						<line number="125" hits="9" branch="false"/>
						<line number="126" hits="9" branch="true" condition-coverage="50% (1/2)">
							<conditions>
								<condition number="0" type="jump" coverage="50%"/>
							</conditions>
						</line>
						<line number="127" hits="9" branch="false"/>
						<line number="130" hits="9" branch="false"/>
						<line number="131" hits="9" branch="false"/>
						<line number="132" hits="9" branch="false"/>
						<line number="133" hits="9" branch="false"/>
						<line number="134" hits="9" branch="false"/>
						<line number="140" hits="90" branch="true" condition-coverage="50% (1/2)">
							<conditions>
								<condition number="0" type="jump" coverage="50%"/>
							</conditions>
						</line>
						<line number="141" hits="0" branch="false"/>
						<line number="142" hits="0" branch="false"/>
						<line number="143" hits="90" branch="false"/>
						<line number="145" hits="90" branch="false"/>
						<line number="146" hits="90" branch="false"/>
						<line number="149" hits="90" branch="true" condition-coverage="50% (1/2)">
							<conditions>
								<condition number="0" type="jump" coverage="50%"/>
							</conditions>
						</line>
						<line number="150" hits="0" branch="false"/>
						<line number="151" hits="0" branch="false"/>
						<line number="152" hits="90" branch="false"/>
						<line number="154" hits="75" branch="false"/>
						<line number="155" hits="15" branch="true" condition-coverage="100% (2/2)">
							<conditions>
								<condition number="0" type="jump" coverage="100%"/>
							</conditions>
						</line>
						<line number="156" hits="9" branch="false"/>
						<line number="158" hits="6" branch="false"/>
						<line number="161" hits="75" branch="false"/>
						<line number="162" hits="75" branch="false"/>
						<line number="168" hits="0" branch="false"/>
						<line number="176" hits="87" branch="false"/>
					</lines>
				</class>
				<class name="com.randomnoun.common.jessop.JessopDeclarations" filename="com/randomnoun/common/jessop/JessopDeclarations.java" line-rate="0.9047619047619048" branch-rate="1.0" complexity="1.0">
					<methods>
						<method name="&lt;init&gt;" signature="()V" line-rate="1.0" branch-rate="1.0" complexity="0">
							<lines>
								<line number="20" hits="354" branch="false"/>
								<line number="41" hits="177" branch="false"/>
								<line number="42" hits="177" branch="false"/>
							</lines>
						</method>
						<method name="getBindingsConverter" signature="()Ljava/lang/String;" line-rate="0.0" branch-rate="1.0" complexity="0">
							<lines>
								<line number="85" hits="0" branch="false"/>
							</lines>
						</method>
						<method name="getEngine" signature="()Ljava/lang/String;" line-rate="1.0" branch-rate="1.0" complexity="0">
							<lines>
								<line number="53" hits="138" branch="false"/>
							</lines>
						</method>
						<method name="getExceptionConverter" signature="()Ljava/lang/String;" line-rate="0.0" branch-rate="1.0" complexity="0">
							<lines>
								<line number="61" hits="0" branch="false"/>
							</lines>
						</method>
						<method name="getFilename" signature="()Ljava/lang/String;" line-rate="1.0" branch-rate="1.0" complexity="0">
							<lines>
								<line number="69" hits="177" branch="false"/>
							</lines>
						</method>
						<method name="isCompileTarget" signature="()Z" line-rate="1.0" branch-rate="1.0" complexity="0">
							<lines>
								<line number="77" hits="177" branch="false"/>
							</lines>
						</method>
						<method name="isSuppressEol" signature="()Z" line-rate="1.0" branch-rate="1.0" complexity="0">
							<lines>
								<line number="45" hits="708" branch="false"/>
							</lines>
						</method>
						<method name="setBindingsConverter" signature="(Ljava/lang/String;)V" line-rate="1.0" branch-rate="1.0" complexity="0">
							<lines>
								<line number="89" hits="177" branch="false"/>
								<line number="90" hits="177" branch="false"/>
							</lines>
						</method>
						<method name="setCompileTarget" signature="(Z)V" line-rate="1.0" branch-rate="1.0" complexity="0">
							<lines>
								<line number="81" hits="177" branch="false"/>
								<line number="82" hits="177" branch="false"/>
							</lines>
						</method>
						<method name="setEngine" signature="(Ljava/lang/String;)V" line-rate="1.0" branch-rate="1.0" complexity="0">
							<lines>
								<line number="57" hits="315" branch="false"/>
								<line number="58" hits="315" branch="false"/>
							</lines>
						</method>
						<method name="setExceptionConverter" signature="(Ljava/lang/String;)V" line-rate="1.0" branch-rate="1.0" complexity="0">
							<lines>
								<line number="65" hits="177" branch="false"/>
								<line number="66" hits="177" branch="false"/>
							</lines>
						</method>
						<method name="setFilename" signature="(Ljava/lang/String;)V" line-rate="1.0" branch-rate="1.0" complexity="0">
							<lines>
								<line number="73" hits="18" branch="false"/>
								<line number="74" hits="18" branch="false"/>
							</lines>
						</method>
						<method name="setSuppressEol" signature="(Z)V" line-rate="1.0" branch-rate="1.0" complexity="0">
							<lines>
								<line number="49" hits="213" branch="false"/>
								<line number="50" hits="213" branch="false"/>
							</lines>
						</method>
					</methods>
					<lines>
						<line number="20" hits="354" branch="false"/>
						<line number="41" hits="177" branch="false"/>
						<line number="42" hits="177" branch="false"/>
						<line number="45" hits="708" branch="false"/>
						<line number="49" hits="213" branch="false"/>
						<line number="50" hits="213" branch="false"/>
						<line number="53" hits="138" branch="false"/>
						<line number="57" hits="315" branch="false"/>
						<line number="58" hits="315" branch="false"/>
						<line number="61" hits="0" branch="false"/>
						<line number="65" hits="177" branch="false"/>
						<line number="66" hits="177" branch="false"/>
						<line number="69" hits="177" branch="false"/>
						<line number="73" hits="18" branch="false"/>
						<line number="74" hits="18" branch="false"/>
						<line number="77" hits="177" branch="false"/>
						<line number="81" hits="177" branch="false"/>
						<line number="82" hits="177" branch="false"/>
						<line number="85" hits="0" branch="false"/>
						<line number="89" hits="177" branch="false"/>
						<line number="90" hits="177" branch="false"/>
					</lines>
				</class>
				<class name="com.randomnoun.common.jessop.JessopExceptionConverter" filename="com/randomnoun/common/jessop/JessopExceptionConverter.java" line-rate="1.0" branch-rate="1.0" complexity="1.0">
					<methods>
					</methods>
					<lines>
					</lines>
				</class>
				<class name="com.randomnoun.common.jessop.JessopScriptBuilder" filename="com/randomnoun/common/jessop/JessopScriptBuilder.java" line-rate="1.0" branch-rate="1.0" complexity="1.0">
					<methods>
					</methods>
					<lines>
					</lines>
				</class>
				<class name="com.randomnoun.common.jessop.JessopScriptEngine" filename="com/randomnoun/common/jessop/JessopScriptEngine.java" line-rate="0.8513513513513513" branch-rate="0.6428571428571429" complexity="3.5555555555555554">
					<methods>
						<method name="&lt;clinit&gt;" signature="()V" line-rate="1.0" branch-rate="1.0" complexity="0">
							<lines>
								<line number="67" hits="3" branch="false"/>
								<line number="79" hits="3" branch="false"/>
								<line number="80" hits="3" branch="false"/>
								<line number="101" hits="3" branch="false"/>
							</lines>
						</method>
						<method name="&lt;init&gt;" signature="()V" line-rate="1.0" branch-rate="1.0" complexity="0">
							<lines>
								<line number="33" hits="210" branch="false"/>
								<line number="39" hits="105" branch="false"/>
							</lines>
						</method>
						<method name="compile" signature="(Ljava/io/Reader;)Ljavax/script/CompiledScript;" line-rate="0.8727272727272727" branch-rate="0.6538461538461539" complexity="0">
							<lines>
								<line number="169" hits="177" branch="false"/>
								<line number="171" hits="177" branch="false"/>
								<line number="172" hits="177" branch="false"/>
								<line number="173" hits="177" branch="false"/>
								<line number="174" hits="177" branch="false"/>
								<line number="175" hits="177" branch="false"/>
								<line number="178" hits="177" branch="false"/>
								<line number="179" hits="177" branch="false"/>
								<line number="180" hits="177" branch="false"/>
								<line number="181" hits="177" branch="false"/>
								<line number="182" hits="177" branch="false"/>
								<line number="183" hits="177" branch="false"/>
								<line number="184" hits="177" branch="false"/>
								<line number="185" hits="177" branch="true" condition-coverage="50% (1/2)">
									<conditions>
										<condition number="0" type="jump" coverage="50%"/>
									</conditions>
								</line>
								<line number="186" hits="177" branch="true" condition-coverage="100% (2/2)">
									<conditions>
										<condition number="0" type="jump" coverage="100%"/>
									</conditions>
								</line>
								<line number="187" hits="177" branch="true" condition-coverage="50% (1/2)">
									<conditions>
										<condition number="0" type="jump" coverage="50%"/>
									</conditions>
								</line>
								<line number="188" hits="177" branch="true" condition-coverage="50% (1/2)">
									<conditions>
										<condition number="0" type="jump" coverage="50%"/>
									</conditions>
								</line>
								<line number="189" hits="177" branch="true" condition-coverage="50% (1/2)">
									<conditions>
										<condition number="0" type="jump" coverage="50%"/>
									</conditions>
								</line>
								<line number="190" hits="177" branch="true" condition-coverage="50% (1/2)">
									<conditions>
										<condition number="0" type="jump" coverage="50%"/>
									</conditions>
								</line>
								<line number="191" hits="177" branch="true" condition-coverage="50% (1/2)">
									<conditions>
										<condition number="0" type="jump" coverage="50%"/>
									</conditions>
								</line>
								<line number="193" hits="177" branch="false"/>
								<line number="194" hits="177" branch="false"/>
								<line number="196" hits="177" branch="false"/>
								<line number="197" hits="177" branch="false"/>
								<line number="198" hits="177" branch="false"/>
								<line number="199" hits="177" branch="false"/>
								<line number="202" hits="177" branch="false"/>
								<line number="203" hits="23826" branch="true" condition-coverage="100% (2/2)">
									<conditions>
										<condition number="0" type="jump" coverage="100%"/>
									</conditions>
								</line>
								<line number="204" hits="23472" branch="false"/>
								<line number="205" hits="23472" branch="false"/>
								<line number="207" hits="177" branch="false"/>
								<line number="208" hits="177" branch="false"/>
								<line number="211" hits="177" branch="false"/>
								<line number="214" hits="177" branch="false"/>
								<line number="218" hits="177" branch="false"/>
								<line number="219" hits="177" branch="true" condition-coverage="50% (1/2)">
									<conditions>
										<condition number="0" type="jump" coverage="50%"/>
									</conditions>
								</line>
								<line number="220" hits="0" branch="false"/>
								<line number="223" hits="177" branch="false"/>
								<line number="224" hits="177" branch="true" condition-coverage="75% (3/4)">
									<conditions>
										<condition number="0" type="jump" coverage="100%"/>
										<condition number="1" type="jump" coverage="50%"/>
									</conditions>
								</line>
								<line number="226" hits="45" branch="false"/>
								<line number="227" hits="45" branch="false"/>
								<line number="228" hits="45" branch="false"/>
								<line number="229" hits="0" branch="false"/>
								<line number="230" hits="0" branch="false"/>
								<line number="234" hits="177" branch="false"/>
								<line number="235" hits="177" branch="true" condition-coverage="75% (3/4)">
									<conditions>
										<condition number="0" type="jump" coverage="100%"/>
										<condition number="1" type="jump" coverage="50%"/>
									</conditions>
								</line>
								<line number="237" hits="54" branch="false"/>
								<line number="238" hits="54" branch="false"/>
								<line number="239" hits="54" branch="false"/>
								<line number="240" hits="0" branch="false"/>
								<line number="241" hits="0" branch="false"/>
								<line number="247" hits="354" branch="false"/>
								<line number="248" hits="177" branch="false"/>
								<line number="250" hits="0" branch="false"/>
								<line number="251" hits="0" branch="false"/>
							</lines>
						</method>
						<method name="compile" signature="(Ljava/lang/String;)Ljavax/script/CompiledScript;" line-rate="1.0" branch-rate="1.0" complexity="0">
							<lines>
								<line number="160" hits="177" branch="false"/>
							</lines>
						</method>
						<method name="createBindings" signature="()Ljavax/script/Bindings;" line-rate="1.0" branch-rate="1.0" complexity="0">
							<lines>
								<line number="139" hits="63" branch="false"/>
							</lines>
						</method>
						<method name="eval" signature="(Ljava/io/Reader;)Ljava/lang/Object;" line-rate="0.0" branch-rate="1.0" complexity="0">
							<lines>
								<line number="133" hits="0" branch="false"/>
							</lines>
						</method>
						<method name="eval" signature="(Ljava/io/Reader;Ljavax/script/ScriptContext;)Ljava/lang/Object;" line-rate="0.0" branch-rate="1.0" complexity="0">
							<lines>
								<line number="117" hits="0" branch="false"/>
								<line number="118" hits="0" branch="false"/>
							</lines>
						</method>
						<method name="eval" signature="(Ljava/lang/String;)Ljava/lang/Object;" line-rate="1.0" branch-rate="1.0" complexity="0">
							<lines>
								<line number="127" hits="36" branch="false"/>
							</lines>
						</method>
						<method name="eval" signature="(Ljava/lang/String;Ljavax/script/ScriptContext;)Ljava/lang/Object;" line-rate="1.0" branch-rate="1.0" complexity="0">
							<lines>
								<line number="110" hits="90" branch="false"/>
								<line number="111" hits="90" branch="false"/>
							</lines>
						</method>
						<method name="getFactory" signature="()Ljavax/script/ScriptEngineFactory;" line-rate="0.6666666666666666" branch-rate="0.5" complexity="0">
							<lines>
								<line number="145" hits="345" branch="true" condition-coverage="50% (1/2)">
									<conditions>
										<condition number="0" type="jump" coverage="50%"/>
									</conditions>
								</line>
								<line number="146" hits="345" branch="false"/>
								<line number="148" hits="0" branch="false"/>
							</lines>
						</method>
						<method name="setEngineFactory" signature="(Ljavax/script/ScriptEngineFactory;)V" line-rate="1.0" branch-rate="1.0" complexity="0">
							<lines>
								<line number="154" hits="105" branch="false"/>
								<line number="155" hits="105" branch="false"/>
							</lines>
						</method>
					</methods>
					<lines>
						<line number="33" hits="210" branch="false"/>
						<line number="39" hits="105" branch="false"/>
						<line number="67" hits="3" branch="false"/>
						<line number="79" hits="3" branch="false"/>
						<line number="80" hits="3" branch="false"/>
						<line number="101" hits="3" branch="false"/>
						<line number="110" hits="90" branch="false"/>
						<line number="111" hits="90" branch="false"/>
						<line number="117" hits="0" branch="false"/>
						<line number="118" hits="0" branch="false"/>
						<line number="127" hits="36" branch="false"/>
						<line number="133" hits="0" branch="false"/>
						<line number="139" hits="63" branch="false"/>
						<line number="145" hits="345" branch="true" condition-coverage="50% (1/2)">
							<conditions>
								<condition number="0" type="jump" coverage="50%"/>
							</conditions>
						</line>
						<line number="146" hits="345" branch="false"/>
						<line number="148" hits="0" branch="false"/>
						<line number="154" hits="105" branch="false"/>
						<line number="155" hits="105" branch="false"/>
						<line number="160" hits="177" branch="false"/>
						<line number="169" hits="177" branch="false"/>
						<line number="171" hits="177" branch="false"/>
						<line number="172" hits="177" branch="false"/>
						<line number="173" hits="177" branch="false"/>
						<line number="174" hits="177" branch="false"/>
						<line number="175" hits="177" branch="false"/>
						<line number="178" hits="177" branch="false"/>
						<line number="179" hits="177" branch="false"/>
						<line number="180" hits="177" branch="false"/>
						<line number="181" hits="177" branch="false"/>
						<line number="182" hits="177" branch="false"/>
						<line number="183" hits="177" branch="false"/>
						<line number="184" hits="177" branch="false"/>
						<line number="185" hits="177" branch="true" condition-coverage="50% (1/2)">
							<conditions>
								<condition number="0" type="jump" coverage="50%"/>
							</conditions>
						</line>
						<line number="186" hits="177" branch="true" condition-coverage="100% (2/2)">
							<conditions>
								<condition number="0" type="jump" coverage="100%"/>
							</conditions>
						</line>
						<line number="187" hits="177" branch="true" condition-coverage="50% (1/2)">
							<conditions>
								<condition number="0" type="jump" coverage="50%"/>
							</conditions>
						</line>
						<line number="188" hits="177" branch="true" condition-coverage="50% (1/2)">
							<conditions>
								<condition number="0" type="jump" coverage="50%"/>
							</conditions>
						</line>
						<line number="189" hits="177" branch="true" condition-coverage="50% (1/2)">
							<conditions>
								<condition number="0" type="jump" coverage="50%"/>
							</conditions>
						</line>
						<line number="190" hits="177" branch="true" condition-coverage="50% (1/2)">
							<conditions>
								<condition number="0" type="jump" coverage="50%"/>
							</conditions>
						</line>
						<line number="191" hits="177" branch="true" condition-coverage="50% (1/2)">
							<conditions>
								<condition number="0" type="jump" coverage="50%"/>
							</conditions>
						</line>
						<line number="193" hits="177" branch="false"/>
						<line number="194" hits="177" branch="false"/>
						<line number="196" hits="177" branch="false"/>
						<line number="197" hits="177" branch="false"/>
						<line number="198" hits="177" branch="false"/>
						<line number="199" hits="177" branch="false"/>
						<line number="202" hits="177" branch="false"/>
						<line number="203" hits="23826" branch="true" condition-coverage="100% (2/2)">
							<conditions>
								<condition number="0" type="jump" coverage="100%"/>
							</conditions>
						</line>
						<line number="204" hits="23472" branch="false"/>
						<line number="205" hits="23472" branch="false"/>
						<line number="207" hits="177" branch="false"/>
						<line number="208" hits="177" branch="false"/>
						<line number="211" hits="177" branch="false"/>
						<line number="214" hits="177" branch="false"/>
						<line number="218" hits="177" branch="false"/>
						<line number="219" hits="177" branch="true" condition-coverage="50% (1/2)">
							<conditions>
								<condition number="0" type="jump" coverage="50%"/>
							</conditions>
						</line>
						<line number="220" hits="0" branch="false"/>
						<line number="223" hits="177" branch="false"/>
						<line number="224" hits="177" branch="true" condition-coverage="75% (3/4)">
							<conditions>
								<condition number="0" type="jump" coverage="100%"/>
								<condition number="1" type="jump" coverage="50%"/>
							</conditions>
						</line>
						<line number="226" hits="45" branch="false"/>
						<line number="227" hits="45" branch="false"/>
						<line number="228" hits="45" branch="false"/>
						<line number="229" hits="0" branch="false"/>
						<line number="230" hits="0" branch="false"/>
						<line number="234" hits="177" branch="false"/>
						<line number="235" hits="177" branch="true" condition-coverage="75% (3/4)">
							<conditions>
								<condition number="0" type="jump" coverage="100%"/>
								<condition number="1" type="jump" coverage="50%"/>
							</conditions>
						</line>
						<line number="237" hits="54" branch="false"/>
						<line number="238" hits="54" branch="false"/>
						<line number="239" hits="54" branch="false"/>
						<line number="240" hits="0" branch="false"/>
						<line number="241" hits="0" branch="false"/>
						<line number="247" hits="354" branch="false"/>
						<line number="248" hits="177" branch="false"/>
						<line number="250" hits="0" branch="false"/>
						<line number="251" hits="0" branch="false"/>
					</lines>
				</class>
				<class name="com.randomnoun.common.jessop.JessopScriptEngineFactory" filename="com/randomnoun/common/jessop/JessopScriptEngineFactory.java" line-rate="0.532258064516129" branch-rate="0.2857142857142857" complexity="2.875">
					<methods>
						<method name="&lt;init&gt;" signature="()V" line-rate="1.0" branch-rate="1.0" complexity="0">
							<lines>
								<line number="28" hits="816" branch="false"/>
								<line number="154" hits="408" branch="false"/>
							</lines>
						</method>
						<method name="getBuildProperties" signature="()Ljava/util/Properties;" line-rate="0.8571428571428571" branch-rate="0.5" complexity="0">
							<lines>
								<line number="128" hits="3" branch="false"/>
								<line number="129" hits="3" branch="false"/>
								<line number="130" hits="3" branch="true" condition-coverage="50% (1/2)">
									<conditions>
										<condition number="0" type="jump" coverage="50%"/>
									</conditions>
								</line>
								<line number="131" hits="0" branch="false"/>
								<line number="133" hits="3" branch="false"/>
								<line number="134" hits="3" branch="false"/>
								<line number="136" hits="3" branch="false"/>
							</lines>
						</method>
						<method name="getEngineName" signature="()Ljava/lang/String;" line-rate="1.0" branch-rate="1.0" complexity="0">
							<lines>
								<line number="41" hits="6" branch="false"/>
							</lines>
						</method>
						<method name="getEngineVersion" signature="()Ljava/lang/String;" line-rate="1.0" branch-rate="1.0" complexity="0">
							<lines>
								<line number="46" hits="3" branch="false"/>
							</lines>
						</method>
						<method name="getExtensions" signature="()Ljava/util/List;" line-rate="0.0" branch-rate="1.0" complexity="0">
							<lines>
								<line number="51" hits="0" branch="false"/>
							</lines>
						</method>
						<method name="getJessopScriptBuilderForLanguage" signature="(Ljava/lang/String;)Lcom/randomnoun/common/jessop/JessopScriptBuilder;" line-rate="0.5" branch-rate="0.5" complexity="0">
							<lines>
								<line number="174" hits="345" branch="false"/>
								<line number="175" hits="345" branch="false"/>
								<line number="176" hits="345" branch="true" condition-coverage="50% (1/2)">
									<conditions>
										<condition number="0" type="jump" coverage="50%"/>
									</conditions>
								</line>
								<line number="178" hits="345" branch="false"/>
								<line number="179" hits="0" branch="false"/>
								<line number="180" hits="0" branch="false"/>
								<line number="181" hits="0" branch="false"/>
								<line number="182" hits="0" branch="false"/>
							</lines>
						</method>
						<method name="getLanguageName" signature="()Ljava/lang/String;" line-rate="1.0" branch-rate="1.0" complexity="0">
							<lines>
								<line number="66" hits="3" branch="false"/>
							</lines>
						</method>
						<method name="getLanguageVersion" signature="()Ljava/lang/String;" line-rate="1.0" branch-rate="1.0" complexity="0">
							<lines>
								<line number="71" hits="3" branch="false"/>
							</lines>
						</method>
						<method name="getMavenVersion" signature="()Ljava/lang/String;" line-rate="0.75" branch-rate="0.5" complexity="0">
							<lines>
								<line number="141" hits="3" branch="false"/>
								<line number="142" hits="3" branch="false"/>
								<line number="143" hits="3" branch="true" condition-coverage="50% (1/2)">
									<conditions>
										<condition number="0" type="jump" coverage="50%"/>
									</conditions>
								</line>
								<line number="144" hits="3" branch="false"/>
								<line number="145" hits="3" branch="true" condition-coverage="50% (1/2)">
									<conditions>
										<condition number="0" type="jump" coverage="50%"/>
									</conditions>
								</line>
								<line number="147" hits="3" branch="false"/>
								<line number="148" hits="0" branch="false"/>
								<line number="149" hits="0" branch="false"/>
							</lines>
						</method>
						<method name="getMethodCallSyntax" signature="(Ljava/lang/String;Ljava/lang/String;[Ljava/lang/String;)Ljava/lang/String;" line-rate="0.0" branch-rate="0.0" complexity="0">
							<lines>
								<line number="90" hits="0" branch="false"/>
								<line number="91" hits="0" branch="false"/>
								<line number="92" hits="0" branch="true" condition-coverage="0% (0/2)">
									<conditions>
										<condition number="0" type="jump" coverage="0%"/>
									</conditions>
								</line>
								<line number="93" hits="0" branch="false"/>
								<line number="94" hits="0" branch="true" condition-coverage="0% (0/2)">
									<conditions>
										<condition number="0" type="jump" coverage="0%"/>
									</conditions>
								</line>
								<line number="95" hits="0" branch="false"/>
								<line number="98" hits="0" branch="false"/>
								<line number="99" hits="0" branch="false"/>
							</lines>
						</method>
						<method name="getMimeTypes" signature="()Ljava/util/List;" line-rate="0.0" branch-rate="1.0" complexity="0">
							<lines>
								<line number="56" hits="0" branch="false"/>
							</lines>
						</method>
						<method name="getNames" signature="()Ljava/util/List;" line-rate="1.0" branch-rate="1.0" complexity="0">
							<lines>
								<line number="61" hits="283" branch="false"/>
							</lines>
						</method>
						<method name="getOutputStatement" signature="(Ljava/lang/String;)Ljava/lang/String;" line-rate="0.0" branch-rate="1.0" complexity="0">
							<lines>
								<line number="105" hits="0" branch="false"/>
							</lines>
						</method>
						<method name="getParameter" signature="(Ljava/lang/String;)Ljava/lang/Object;" line-rate="0.0" branch-rate="0.0" complexity="0">
							<lines>
								<line number="76" hits="0" branch="true" condition-coverage="0% (0/2)">
									<conditions>
										<condition number="0" type="jump" coverage="0%"/>
									</conditions>
								</line>
								<line number="77" hits="0" branch="true" condition-coverage="0% (0/2)">
									<conditions>
										<condition number="0" type="jump" coverage="0%"/>
									</conditions>
								</line>
								<line number="78" hits="0" branch="true" condition-coverage="0% (0/2)">
									<conditions>
										<condition number="0" type="jump" coverage="0%"/>
									</conditions>
								</line>
								<line number="79" hits="0" branch="true" condition-coverage="0% (0/2)">
									<conditions>
										<condition number="0" type="jump" coverage="0%"/>
									</conditions>
								</line>
								<line number="80" hits="0" branch="true" condition-coverage="0% (0/2)">
									<conditions>
										<condition number="0" type="jump" coverage="0%"/>
									</conditions>
								</line>
								<line number="82" hits="0" branch="false"/>
							</lines>
						</method>
						<method name="getProgram" signature="([Ljava/lang/String;)Ljava/lang/String;" line-rate="0.0" branch-rate="0.0" complexity="0">
							<lines>
								<line number="111" hits="0" branch="false"/>
								<line number="112" hits="0" branch="false"/>
								<line number="113" hits="0" branch="true" condition-coverage="0% (0/2)">
									<conditions>
										<condition number="0" type="jump" coverage="0%"/>
									</conditions>
								</line>
								<line number="114" hits="0" branch="false"/>
								<line number="116" hits="0" branch="false"/>
							</lines>
						</method>
						<method name="getRegistry" signature="()Ljava/util/Map;" line-rate="1.0" branch-rate="1.0" complexity="0">
							<lines>
								<line number="158" hits="345" branch="true" condition-coverage="100% (2/2)">
									<conditions>
										<condition number="0" type="jump" coverage="100%"/>
									</conditions>
								</line>
								<line number="160" hits="105" branch="false"/>
								<line number="161" hits="105" branch="false"/>
								<line number="162" hits="840" branch="true" condition-coverage="100% (2/2)">
									<conditions>
										<condition number="0" type="jump" coverage="100%"/>
									</conditions>
								</line>
								<line number="164" hits="630" branch="false"/>
								<line number="169" hits="105" branch="false"/>
								<line number="170" hits="105" branch="false"/>
							</lines>
						</method>
						<method name="getScriptEngine" signature="()Ljavax/script/ScriptEngine;" line-rate="1.0" branch-rate="1.0" complexity="0">
							<lines>
								<line number="121" hits="105" branch="false"/>
								<line number="122" hits="105" branch="false"/>
								<line number="123" hits="105" branch="false"/>
							</lines>
						</method>
					</methods>
					<lines>
						<line number="28" hits="816" branch="false"/>
						<line number="41" hits="6" branch="false"/>
						<line number="46" hits="3" branch="false"/>
						<line number="51" hits="0" branch="false"/>
						<line number="56" hits="0" branch="false"/>
						<line number="61" hits="283" branch="false"/>
						<line number="66" hits="3" branch="false"/>
						<line number="71" hits="3" branch="false"/>
						<line number="76" hits="0" branch="true" condition-coverage="0% (0/2)">
							<conditions>
								<condition number="0" type="jump" coverage="0%"/>
							</conditions>
						</line>
						<line number="77" hits="0" branch="true" condition-coverage="0% (0/2)">
							<conditions>
								<condition number="0" type="jump" coverage="0%"/>
							</conditions>
						</line>
						<line number="78" hits="0" branch="true" condition-coverage="0% (0/2)">
							<conditions>
								<condition number="0" type="jump" coverage="0%"/>
							</conditions>
						</line>
						<line number="79" hits="0" branch="true" condition-coverage="0% (0/2)">
							<conditions>
								<condition number="0" type="jump" coverage="0%"/>
							</conditions>
						</line>
						<line number="80" hits="0" branch="true" condition-coverage="0% (0/2)">
							<conditions>
								<condition number="0" type="jump" coverage="0%"/>
							</conditions>
						</line>
						<line number="82" hits="0" branch="false"/>
						<line number="90" hits="0" branch="false"/>
						<line number="91" hits="0" branch="false"/>
						<line number="92" hits="0" branch="true" condition-coverage="0% (0/2)">
							<conditions>
								<condition number="0" type="jump" coverage="0%"/>
							</conditions>
						</line>
						<line number="93" hits="0" branch="false"/>
						<line number="94" hits="0" branch="true" condition-coverage="0% (0/2)">
							<conditions>
								<condition number="0" type="jump" coverage="0%"/>
							</conditions>
						</line>
						<line number="95" hits="0" branch="false"/>
						<line number="98" hits="0" branch="false"/>
						<line number="99" hits="0" branch="false"/>
						<line number="105" hits="0" branch="false"/>
						<line number="111" hits="0" branch="false"/>
						<line number="112" hits="0" branch="false"/>
						<line number="113" hits="0" branch="true" condition-coverage="0% (0/2)">
							<conditions>
								<condition number="0" type="jump" coverage="0%"/>
							</conditions>
						</line>
						<line number="114" hits="0" branch="false"/>
						<line number="116" hits="0" branch="false"/>
						<line number="121" hits="105" branch="false"/>
						<line number="122" hits="105" branch="false"/>
						<line number="123" hits="105" branch="false"/>
						<line number="128" hits="3" branch="false"/>
						<line number="129" hits="3" branch="false"/>
						<line number="130" hits="3" branch="true" condition-coverage="50% (1/2)">
							<conditions>
								<condition number="0" type="jump" coverage="50%"/>
							</conditions>
						</line>
						<line number="131" hits="0" branch="false"/>
						<line number="133" hits="3" branch="false"/>
						<line number="134" hits="3" branch="false"/>
						<line number="136" hits="3" branch="false"/>
						<line number="141" hits="3" branch="false"/>
						<line number="142" hits="3" branch="false"/>
						<line number="143" hits="3" branch="true" condition-coverage="50% (1/2)">
							<conditions>
								<condition number="0" type="jump" coverage="50%"/>
							</conditions>
						</line>
						<line number="144" hits="3" branch="false"/>
						<line number="145" hits="3" branch="true" condition-coverage="50% (1/2)">
							<conditions>
								<condition number="0" type="jump" coverage="50%"/>
							</conditions>
						</line>
						<line number="147" hits="3" branch="false"/>
						<line number="148" hits="0" branch="false"/>
						<line number="149" hits="0" branch="false"/>
						<line number="154" hits="408" branch="false"/>
						<line number="158" hits="345" branch="true" condition-coverage="100% (2/2)">
							<conditions>
								<condition number="0" type="jump" coverage="100%"/>
							</conditions>
						</line>
						<line number="160" hits="105" branch="false"/>
						<line number="161" hits="105" branch="false"/>
						<line number="162" hits="840" branch="true" condition-coverage="100% (2/2)">
							<conditions>
								<condition number="0" type="jump" coverage="100%"/>
							</conditions>
						</line>
						<line number="164" hits="630" branch="false"/>
						<line number="169" hits="105" branch="false"/>
						<line number="170" hits="105" branch="false"/>
						<line number="174" hits="345" branch="false"/>
						<line number="175" hits="345" branch="false"/>
						<line number="176" hits="345" branch="true" condition-coverage="50% (1/2)">
							<conditions>
								<condition number="0" type="jump" coverage="50%"/>
							</conditions>
						</line>
						<line number="178" hits="345" branch="false"/>
						<line number="179" hits="0" branch="false"/>
						<line number="180" hits="0" branch="false"/>
						<line number="181" hits="0" branch="false"/>
						<line number="182" hits="0" branch="false"/>
					</lines>
				</class>
				<class name="com.randomnoun.common.jessop.Tokeniser" filename="com/randomnoun/common/jessop/Tokeniser.java" line-rate="0.6312056737588653" branch-rate="0.6521739130434783" complexity="12.0">
					<methods>
						<method name="&lt;init&gt;" signature="(Lcom/randomnoun/common/jessop/JessopScriptEngine;Lcom/randomnoun/common/jessop/JessopScriptBuilder;)V" line-rate="1.0" branch-rate="1.0" complexity="0">
							<lines>
								<line number="19" hits="177" branch="false"/>
								<line number="30" hits="177" branch="false"/>
								<line number="31" hits="177" branch="false"/>
								<line number="32" hits="177" branch="false"/>
								<line number="33" hits="177" branch="false"/>
								<line number="34" hits="177" branch="false"/>
								<line number="35" hits="177" branch="false"/>
								<line number="36" hits="177" branch="false"/>
								<line number="37" hits="177" branch="false"/>
								<line number="38" hits="177" branch="false"/>
							</lines>
						</method>
						<method name="parseChar" signature="(C)V" line-rate="0.5819672131147541" branch-rate="0.6666666666666666" complexity="0">
							<lines>
								<line number="44" hits="23472" branch="false"/>
								<line number="46" hits="23472" branch="true" condition-coverage="94% (16/17)">
									<conditions>
										<condition number="0" type="switch" coverage="94%"/>
									</conditions>
								</line>
								<line number="48" hits="3699" branch="true" condition-coverage="100% (2/2)">
									<conditions>
										<condition number="0" type="jump" coverage="100%"/>
									</conditions>
								</line>
								<line number="49" hits="810" branch="false"/>
								<line number="50" hits="810" branch="false"/>
								<line number="51" hits="2889" branch="false"/>
								<line number="53" hits="2889" branch="false"/>
								<line number="56" hits="810" branch="true" condition-coverage="50% (1/2)">
									<conditions>
										<condition number="0" type="jump" coverage="50%"/>
									</conditions>
								</line>
								<line number="57" hits="810" branch="true" condition-coverage="100% (2/2)">
									<conditions>
										<condition number="0" type="jump" coverage="100%"/>
									</conditions>
								</line>
								<line number="58" hits="642" branch="false"/>
								<line number="59" hits="642" branch="false"/>
								<line number="60" hits="642" branch="false"/>
								<line number="62" hits="810" branch="false"/>
								<line number="63" hits="810" branch="false"/>
								<line number="64" hits="810" branch="true" condition-coverage="0% (0/2)">
									<conditions>
										<condition number="0" type="jump" coverage="0%"/>
									</conditions>
								</line>
								<line number="66" hits="0" branch="false"/>
								<line number="67" hits="0" branch="false"/>
								<line number="68" hits="0" branch="false"/>
								<line number="69" hits="0" branch="false"/>
								<line number="71" hits="0" branch="false"/>
								<line number="72" hits="0" branch="false"/>
								<line number="73" hits="0" branch="false"/>
								<line number="74" hits="0" branch="false"/>
								<line number="76" hits="0" branch="false"/>
								<line number="79" hits="810" branch="true" condition-coverage="100% (2/2)">
									<conditions>
										<condition number="0" type="jump" coverage="100%"/>
									</conditions>
								</line>
								<line number="80" hits="291" branch="false"/>
								<line number="81" hits="291" branch="false"/>
								<line number="82" hits="291" branch="true" condition-coverage="100% (2/2)">
									<conditions>
										<condition number="0" type="jump" coverage="100%"/>
									</conditions>
								</line>
								<line number="83" hits="168" branch="false"/>
								<line number="84" hits="168" branch="false"/>
								<line number="85" hits="168" branch="true" condition-coverage="50% (1/2)">
									<conditions>
										<condition number="0" type="jump" coverage="50%"/>
									</conditions>
								</line>
								<line number="86" hits="0" branch="false"/>
								<line number="87" hits="0" branch="false"/>
								<line number="88" hits="0" branch="true" condition-coverage="50% (1/2)">
									<conditions>
										<condition number="0" type="jump" coverage="50%"/>
									</conditions>
								</line>
								<line number="89" hits="0" branch="false"/>
								<line number="90" hits="0" branch="false"/>
								<line number="91" hits="0" branch="false"/>
								<line number="92" hits="351" branch="false"/>
								<line number="93" hits="351" branch="false"/>
								<line number="95" hits="351" branch="false"/>
								<line number="98" hits="2376" branch="true" condition-coverage="100% (2/2)">
									<conditions>
										<condition number="0" type="jump" coverage="100%"/>
									</conditions>
								</line>
								<line number="99" hits="291" branch="false"/>
								<line number="100" hits="291" branch="false"/>
								<line number="101" hits="2085" branch="false"/>
								<line number="103" hits="2085" branch="false"/>
								<line number="106" hits="7587" branch="true" condition-coverage="100% (2/2)">
									<conditions>
										<condition number="0" type="jump" coverage="100%"/>
									</conditions>
								</line>
								<line number="107" hits="351" branch="false"/>
								<line number="108" hits="351" branch="false"/>
								<line number="109" hits="7236" branch="false"/>
								<line number="111" hits="7236" branch="false"/>
								<line number="114" hits="5070" branch="true" condition-coverage="100% (2/2)">
									<conditions>
										<condition number="0" type="jump" coverage="100%"/>
									</conditions>
								</line>
								<line number="115" hits="342" branch="false"/>
								<line number="116" hits="342" branch="false"/>
								<line number="117" hits="342" branch="true" condition-coverage="100% (2/2)">
									<conditions>
										<condition number="0" type="jump" coverage="100%"/>
									</conditions>
								</line>
								<line number="118" hits="168" branch="false"/>
								<line number="119" hits="168" branch="false"/>
								<line number="120" hits="4560" branch="false"/>
								<line number="122" hits="4560" branch="false"/>
								<line number="125" hits="0" branch="true" condition-coverage="0% (0/2)">
									<conditions>
										<condition number="0" type="jump" coverage="0%"/>
									</conditions>
								</line>
								<line number="126" hits="0" branch="false"/>
								<line number="127" hits="0" branch="false"/>
								<line number="128" hits="0" branch="false"/>
								<line number="130" hits="0" branch="false"/>
								<line number="133" hits="0" branch="true" condition-coverage="0% (0/2)">
									<conditions>
										<condition number="0" type="jump" coverage="0%"/>
									</conditions>
								</line>
								<line number="134" hits="0" branch="false"/>
								<line number="135" hits="0" branch="false"/>
								<line number="138" hits="0" branch="false"/>
								<line number="143" hits="0" branch="true" condition-coverage="0% (0/2)">
									<conditions>
										<condition number="0" type="jump" coverage="0%"/>
									</conditions>
								</line>
								<line number="144" hits="0" branch="false"/>
								<line number="149" hits="0" branch="false"/>
								<line number="152" hits="0" branch="true" condition-coverage="0% (0/2)">
									<conditions>
										<condition number="0" type="jump" coverage="0%"/>
									</conditions>
								</line>
								<line number="153" hits="0" branch="false"/>
								<line number="154" hits="0" branch="false"/>
								<line number="155" hits="0" branch="false"/>
								<line number="158" hits="0" branch="false"/>
								<line number="161" hits="0" branch="true" condition-coverage="0% (0/2)">
									<conditions>
										<condition number="0" type="jump" coverage="0%"/>
									</conditions>
								</line>
								<line number="162" hits="0" branch="false"/>
								<line number="163" hits="0" branch="false"/>
								<line number="164" hits="0" branch="false"/>
								<line number="169" hits="0" branch="true" condition-coverage="0% (0/2)">
									<conditions>
										<condition number="0" type="jump" coverage="0%"/>
									</conditions>
								</line>
								<line number="170" hits="0" branch="false"/>
								<line number="171" hits="0" branch="false"/>
								<line number="172" hits="0" branch="false"/>
								<line number="173" hits="0" branch="false"/>
								<line number="175" hits="0" branch="false"/>
								<line number="178" hits="291" branch="true" condition-coverage="50% (1/2)">
									<conditions>
										<condition number="0" type="jump" coverage="50%"/>
									</conditions>
								</line>
								<line number="179" hits="291" branch="false"/>
								<line number="180" hits="291" branch="false"/>
								<line number="181" hits="291" branch="false"/>
								<line number="182" hits="291" branch="false"/>
								<line number="183" hits="291" branch="false"/>
								<line number="184" hits="291" branch="false"/>
								<line number="185" hits="0" branch="false"/>
								<line number="186" hits="0" branch="false"/>
								<line number="188" hits="0" branch="false"/>
								<line number="191" hits="351" branch="true" condition-coverage="50% (1/2)">
									<conditions>
										<condition number="0" type="jump" coverage="50%"/>
									</conditions>
								</line>
								<line number="192" hits="351" branch="false"/>
								<line number="193" hits="351" branch="false"/>
								<line number="194" hits="351" branch="false"/>
								<line number="195" hits="351" branch="false"/>
								<line number="196" hits="351" branch="false"/>
								<line number="197" hits="351" branch="false"/>
								<line number="198" hits="0" branch="false"/>
								<line number="199" hits="0" branch="false"/>
								<line number="201" hits="0" branch="false"/>
								<line number="204" hits="168" branch="true" condition-coverage="50% (1/2)">
									<conditions>
										<condition number="0" type="jump" coverage="50%"/>
									</conditions>
								</line>
								<line number="205" hits="168" branch="false"/>
								<line number="206" hits="168" branch="false"/>
								<line number="207" hits="168" branch="false"/>
								<line number="208" hits="168" branch="false"/>
								<line number="209" hits="168" branch="false"/>
								<line number="210" hits="168" branch="false"/>
								<line number="211" hits="0" branch="false"/>
								<line number="212" hits="0" branch="false"/>
								<line number="214" hits="0" branch="false"/>
								<line number="217" hits="2310" branch="true" condition-coverage="100% (2/2)">
									<conditions>
										<condition number="0" type="jump" coverage="100%"/>
									</conditions>
								</line>
								<line number="218" hits="342" branch="false"/>
								<line number="219" hits="342" branch="false"/>
								<line number="220" hits="342" branch="false"/>
								<line number="221" hits="1968" branch="false"/>
								<line number="227" hits="23472" branch="true" condition-coverage="100% (2/2)">
									<conditions>
										<condition number="0" type="jump" coverage="100%"/>
									</conditions>
								</line>
								<line number="228" hits="23472" branch="false"/>
							</lines>
						</method>
						<method name="parseEndOfFile" signature="()V" line-rate="0.8571428571428571" branch-rate="0.5" complexity="0">
							<lines>
								<line number="233" hits="177" branch="true" condition-coverage="25% (1/4)">
									<conditions>
										<condition number="0" type="jump" coverage="50%"/>
										<condition number="1" type="jump" coverage="0%"/>
									</conditions>
								</line>
								<line number="234" hits="0" branch="false"/>
								<line number="236" hits="177" branch="true" condition-coverage="100% (2/2)">
									<conditions>
										<condition number="0" type="jump" coverage="100%"/>
									</conditions>
								</line>
								<line number="237" hits="66" branch="false"/>
								<line number="238" hits="66" branch="false"/>
								<line number="239" hits="66" branch="false"/>
								<line number="241" hits="177" branch="false"/>
							</lines>
						</method>
						<method name="setJessopScriptBuilder" signature="(Lcom/randomnoun/common/jessop/JessopScriptBuilder;)V" line-rate="1.0" branch-rate="1.0" complexity="0">
							<lines>
								<line number="41" hits="168" branch="false"/>
								<line number="42" hits="168" branch="false"/>
							</lines>
						</method>
					</methods>
					<lines>
						<line number="19" hits="177" branch="false"/>
						<line number="30" hits="177" branch="false"/>
						<line number="31" hits="177" branch="false"/>
						<line number="32" hits="177" branch="false"/>
						<line number="33" hits="177" branch="false"/>
						<line number="34" hits="177" branch="false"/>
						<line number="35" hits="177" branch="false"/>
						<line number="36" hits="177" branch="false"/>
						<line number="37" hits="177" branch="false"/>
						<line number="38" hits="177" branch="false"/>
						<line number="41" hits="168" branch="false"/>
						<line number="42" hits="168" branch="false"/>
						<line number="44" hits="23472" branch="false"/>
						<line number="46" hits="23472" branch="true" condition-coverage="94% (16/17)">
							<conditions>
								<condition number="0" type="switch" coverage="94%"/>
							</conditions>
						</line>
						<line number="48" hits="3699" branch="true" condition-coverage="100% (2/2)">
							<conditions>
								<condition number="0" type="jump" coverage="100%"/>
							</conditions>
						</line>
						<line number="49" hits="810" branch="false"/>
						<line number="50" hits="810" branch="false"/>
						<line number="51" hits="2889" branch="false"/>
						<line number="53" hits="2889" branch="false"/>
						<line number="56" hits="810" branch="true" condition-coverage="50% (1/2)">
							<conditions>
								<condition number="0" type="jump" coverage="50%"/>
							</conditions>
						</line>
						<line number="57" hits="810" branch="true" condition-coverage="100% (2/2)">
							<conditions>
								<condition number="0" type="jump" coverage="100%"/>
							</conditions>
						</line>
						<line number="58" hits="642" branch="false"/>
						<line number="59" hits="642" branch="false"/>
						<line number="60" hits="642" branch="false"/>
						<line number="62" hits="810" branch="false"/>
						<line number="63" hits="810" branch="false"/>
						<line number="64" hits="810" branch="true" condition-coverage="0% (0/2)">
							<conditions>
								<condition number="0" type="jump" coverage="0%"/>
							</conditions>
						</line>
						<line number="66" hits="0" branch="false"/>
						<line number="67" hits="0" branch="false"/>
						<line number="68" hits="0" branch="false"/>
						<line number="69" hits="0" branch="false"/>
						<line number="71" hits="0" branch="false"/>
						<line number="72" hits="0" branch="false"/>
						<line number="73" hits="0" branch="false"/>
						<line number="74" hits="0" branch="false"/>
						<line number="76" hits="0" branch="false"/>
						<line number="79" hits="810" branch="true" condition-coverage="100% (2/2)">
							<conditions>
								<condition number="0" type="jump" coverage="100%"/>
							</conditions>
						</line>
						<line number="80" hits="291" branch="false"/>
						<line number="81" hits="291" branch="false"/>
						<line number="82" hits="291" branch="true" condition-coverage="100% (2/2)">
							<conditions>
								<condition number="0" type="jump" coverage="100%"/>
							</conditions>
						</line>
						<line number="83" hits="168" branch="false"/>
						<line number="84" hits="168" branch="false"/>
						<line number="85" hits="168" branch="true" condition-coverage="50% (1/2)">
							<conditions>
								<condition number="0" type="jump" coverage="50%"/>
							</conditions>
						</line>
						<line number="86" hits="0" branch="false"/>
						<line number="87" hits="0" branch="false"/>
						<line number="88" hits="0" branch="true" condition-coverage="50% (1/2)">
							<conditions>
								<condition number="0" type="jump" coverage="50%"/>
							</conditions>
						</line>
						<line number="89" hits="0" branch="false"/>
						<line number="90" hits="0" branch="false"/>
						<line number="91" hits="0" branch="false"/>
						<line number="92" hits="351" branch="false"/>
						<line number="93" hits="351" branch="false"/>
						<line number="95" hits="351" branch="false"/>
						<line number="98" hits="2376" branch="true" condition-coverage="100% (2/2)">
							<conditions>
								<condition number="0" type="jump" coverage="100%"/>
							</conditions>
						</line>
						<line number="99" hits="291" branch="false"/>
						<line number="100" hits="291" branch="false"/>
						<line number="101" hits="2085" branch="false"/>
						<line number="103" hits="2085" branch="false"/>
						<line number="106" hits="7587" branch="true" condition-coverage="100% (2/2)">
							<conditions>
								<condition number="0" type="jump" coverage="100%"/>
							</conditions>
						</line>
						<line number="107" hits="351" branch="false"/>
						<line number="108" hits="351" branch="false"/>
						<line number="109" hits="7236" branch="false"/>
						<line number="111" hits="7236" branch="false"/>
						<line number="114" hits="5070" branch="true" condition-coverage="100% (2/2)">
							<conditions>
								<condition number="0" type="jump" coverage="100%"/>
							</conditions>
						</line>
						<line number="115" hits="342" branch="false"/>
						<line number="116" hits="342" branch="false"/>
						<line number="117" hits="342" branch="true" condition-coverage="100% (2/2)">
							<conditions>
								<condition number="0" type="jump" coverage="100%"/>
							</conditions>
						</line>
						<line number="118" hits="168" branch="false"/>
						<line number="119" hits="168" branch="false"/>
						<line number="120" hits="4560" branch="false"/>
						<line number="122" hits="4560" branch="false"/>
						<line number="125" hits="0" branch="true" condition-coverage="0% (0/2)">
							<conditions>
								<condition number="0" type="jump" coverage="0%"/>
							</conditions>
						</line>
						<line number="126" hits="0" branch="false"/>
						<line number="127" hits="0" branch="false"/>
						<line number="128" hits="0" branch="false"/>
						<line number="130" hits="0" branch="false"/>
						<line number="133" hits="0" branch="true" condition-coverage="0% (0/2)">
							<conditions>
								<condition number="0" type="jump" coverage="0%"/>
							</conditions>
						</line>
						<line number="134" hits="0" branch="false"/>
						<line number="135" hits="0" branch="false"/>
						<line number="138" hits="0" branch="false"/>
						<line number="143" hits="0" branch="true" condition-coverage="0% (0/2)">
							<conditions>
								<condition number="0" type="jump" coverage="0%"/>
							</conditions>
						</line>
						<line number="144" hits="0" branch="false"/>
						<line number="149" hits="0" branch="false"/>
						<line number="152" hits="0" branch="true" condition-coverage="0% (0/2)">
							<conditions>
								<condition number="0" type="jump" coverage="0%"/>
							</conditions>
						</line>
						<line number="153" hits="0" branch="false"/>
						<line number="154" hits="0" branch="false"/>
						<line number="155" hits="0" branch="false"/>
						<line number="158" hits="0" branch="false"/>
						<line number="161" hits="0" branch="true" condition-coverage="0% (0/2)">
							<conditions>
								<condition number="0" type="jump" coverage="0%"/>
							</conditions>
						</line>
						<line number="162" hits="0" branch="false"/>
						<line number="163" hits="0" branch="false"/>
						<line number="164" hits="0" branch="false"/>
						<line number="169" hits="0" branch="true" condition-coverage="0% (0/2)">
							<conditions>
								<condition number="0" type="jump" coverage="0%"/>
							</conditions>
						</line>
						<line number="170" hits="0" branch="false"/>
						<line number="171" hits="0" branch="false"/>
						<line number="172" hits="0" branch="false"/>
						<line number="173" hits="0" branch="false"/>
						<line number="175" hits="0" branch="false"/>
						<line number="178" hits="291" branch="true" condition-coverage="50% (1/2)">
							<conditions>
								<condition number="0" type="jump" coverage="50%"/>
							</conditions>
						</line>
						<line number="179" hits="291" branch="false"/>
						<line number="180" hits="291" branch="false"/>
						<line number="181" hits="291" branch="false"/>
						<line number="182" hits="291" branch="false"/>
						<line number="183" hits="291" branch="false"/>
						<line number="184" hits="291" branch="false"/>
						<line number="185" hits="0" branch="false"/>
						<line number="186" hits="0" branch="false"/>
						<line number="188" hits="0" branch="false"/>
						<line number="191" hits="351" branch="true" condition-coverage="50% (1/2)">
							<conditions>
								<condition number="0" type="jump" coverage="50%"/>
							</conditions>
						</line>
[...]
									<conditions>
										<condition number="0" type="jump" coverage="100%"/>
									</conditions>
								</line>
								<line number="59" hits="1089" branch="false"/>
								<line number="60" hits="1089" branch="false"/>
								<line number="61" hits="1089" branch="true" condition-coverage="100% (2/2)">
									<conditions>
										<condition number="0" type="jump" coverage="100%"/>
									</conditions>
								</line>
								<line number="62" hits="246" branch="false"/>
								<line number="64" hits="246" branch="true" condition-coverage="33% (2/6)">
									<conditions>
										<condition number="0" type="jump" coverage="50%"/>
										<condition number="1" type="jump" coverage="50%"/>
										<condition number="2" type="jump" coverage="0%"/>
									</conditions>
								</line>
								<line number="65" hits="0" branch="false"/>
								<line number="66" hits="0" branch="false"/>
								<line number="67" hits="0" branch="false"/>
								<line number="69" hits="0" branch="true" condition-coverage="50% (1/2)">
									<conditions>
										<condition number="0" type="jump" coverage="50%"/>
									</conditions>
								</line>
								<line number="70" hits="843" branch="false"/>
								<line number="72" hits="843" branch="false"/>
								<line number="73" hits="0" branch="false"/>
								<line number="76" hits="225" branch="false"/>
							</lines>
						</method>
						<method name="getDefaultScriptEngineName" signature="()Ljava/lang/String;" line-rate="1.0" branch-rate="1.0" complexity="0">
							<lines>
								<line number="163" hits="54" branch="false"/>
							</lines>
						</method>
						<method name="getLanguage" signature="()Ljava/lang/String;" line-rate="1.0" branch-rate="1.0" complexity="0">
							<lines>
								<line number="159" hits="108" branch="false"/>
							</lines>
						</method>
						<method name="print" signature="(Ljava/lang/String;)V" line-rate="1.0" branch-rate="1.0" complexity="0">
							<lines>
								<line number="35" hits="846" branch="false"/>
								<line number="36" hits="9975" branch="true" condition-coverage="100% (2/2)">
									<conditions>
										<condition number="0" type="jump" coverage="100%"/>
									</conditions>
								</line>
								<line number="37" hits="9129" branch="true" condition-coverage="100% (2/2)">
									<conditions>
										<condition number="0" type="jump" coverage="100%"/>
									</conditions>
								</line>
								<line number="38" hits="8823" branch="false"/>
								<line number="40" hits="846" branch="false"/>
							</lines>
						</method>
						<method name="skipToLine" signature="(II)V" line-rate="1.0" branch-rate="1.0" complexity="0">
							<lines>
								<line number="24" hits="396" branch="true" condition-coverage="100% (2/2)">
									<conditions>
										<condition number="0" type="jump" coverage="100%"/>
									</conditions>
								</line>
								<line number="27" hits="54" branch="false"/>
								<line number="29" hits="54" branch="true" condition-coverage="100% (2/2)">
									<conditions>
										<condition number="0" type="jump" coverage="100%"/>
									</conditions>
								</line>
								<line number="30" hits="396" branch="true" condition-coverage="100% (2/2)">
									<conditions>
										<condition number="0" type="jump" coverage="100%"/>
									</conditions>
								</line>
								<line number="32" hits="396" branch="false"/>
							</lines>
						</method>
					</methods>
					<lines>
						<line number="16" hits="162" branch="false"/>
						<line number="17" hits="162" branch="false"/>
						<line number="18" hits="162" branch="false"/>
						<line number="19" hits="162" branch="false"/>
						<line number="20" hits="162" branch="false"/>
						<line number="21" hits="162" branch="false"/>
						<line number="22" hits="162" branch="false"/>
						<line number="24" hits="396" branch="true" condition-coverage="100% (2/2)">
							<conditions>
								<condition number="0" type="jump" coverage="100%"/>
							</conditions>
						</line>
						<line number="27" hits="54" branch="false"/>
						<line number="29" hits="54" branch="true" condition-coverage="100% (2/2)">
							<conditions>
								<condition number="0" type="jump" coverage="100%"/>
							</conditions>
						</line>
						<line number="30" hits="396" branch="true" condition-coverage="100% (2/2)">
							<conditions>
								<condition number="0" type="jump" coverage="100%"/>
							</conditions>
						</line>
						<line number="32" hits="396" branch="false"/>
						<line number="35" hits="846" branch="false"/>
						<line number="36" hits="9975" branch="true" condition-coverage="100% (2/2)">
							<conditions>
								<condition number="0" type="jump" coverage="100%"/>
							</conditions>
						</line>
						<line number="37" hits="9129" branch="true" condition-coverage="100% (2/2)">
							<conditions>
								<condition number="0" type="jump" coverage="100%"/>
							</conditions>
						</line>
						<line number="38" hits="8823" branch="false"/>
						<line number="40" hits="846" branch="false"/>
						<line number="55" hits="225" branch="false"/>
						<line number="56" hits="225" branch="false"/>
						<line number="57" hits="225" branch="false"/>
						<line number="58" hits="1314" branch="true" condition-coverage="100% (2/2)">
							<conditions>
								<condition number="0" type="jump" coverage="100%"/>
							</conditions>
						</line>
						<line number="59" hits="1089" branch="false"/>
						<line number="60" hits="1089" branch="false"/>
						<line number="61" hits="1089" branch="true" condition-coverage="100% (2/2)">
							<conditions>
								<condition number="0" type="jump" coverage="100%"/>
							</conditions>
						</line>
						<line number="62" hits="246" branch="false"/>
						<line number="64" hits="246" branch="true" condition-coverage="33% (2/6)">
							<conditions>
								<condition number="0" type="jump" coverage="50%"/>
								<condition number="1" type="jump" coverage="50%"/>
								<condition number="2" type="jump" coverage="0%"/>
							</conditions>
						</line>
						<line number="65" hits="0" branch="false"/>
						<line number="66" hits="0" branch="false"/>
						<line number="67" hits="0" branch="false"/>
						<line number="69" hits="0" branch="true" condition-coverage="50% (1/2)">
							<conditions>
								<condition number="0" type="jump" coverage="50%"/>
							</conditions>
						</line>
						<line number="70" hits="843" branch="false"/>
						<line number="72" hits="843" branch="false"/>
						<line number="73" hits="0" branch="false"/>
						<line number="76" hits="225" branch="false"/>
						<line number="81" hits="225" branch="false"/>
						<line number="82" hits="225" branch="true" condition-coverage="100% (4/4)">
							<conditions>
								<condition number="0" type="jump" coverage="100%"/>
								<condition number="1" type="jump" coverage="100%"/>
							</conditions>
						</line>
						<line number="83" hits="225" branch="false"/>
						<line number="84" hits="225" branch="false"/>
						<line number="85" hits="225" branch="false"/>
						<line number="88" hits="84" branch="false"/>
						<line number="89" hits="84" branch="false"/>
						<line number="90" hits="84" branch="false"/>
						<line number="91" hits="84" branch="false"/>
						<line number="94" hits="87" branch="true" condition-coverage="50% (1/2)">
							<conditions>
								<condition number="0" type="jump" coverage="50%"/>
							</conditions>
						</line>
						<line number="95" hits="0" branch="false"/>
						<line number="98" hits="87" branch="false"/>
						<line number="101" hits="87" branch="true" condition-coverage="100% (2/2)">
							<conditions>
								<condition number="0" type="jump" coverage="100%"/>
							</conditions>
						</line>
						<line number="102" hits="87" branch="false"/>
						<line number="103" hits="87" branch="true" condition-coverage="75% (3/4)">
							<conditions>
								<condition number="0" type="jump" coverage="50%"/>
								<condition number="1" type="jump" coverage="100%"/>
							</conditions>
						</line>
						<line number="104" hits="87" branch="true" condition-coverage="50% (1/2)">
							<conditions>
								<condition number="0" type="jump" coverage="50%"/>
							</conditions>
						</line>
						<line number="105" hits="87" branch="false"/>
						<line number="107" hits="87" branch="false"/>
						<line number="108" hits="87" branch="false"/>
						<line number="129" hits="87" branch="false"/>
						<line number="130" hits="87" branch="false"/>
						<line number="131" hits="228" branch="true" condition-coverage="100% (2/2)">
							<conditions>
								<condition number="0" type="jump" coverage="100%"/>
							</conditions>
						</line>
						<line number="132" hits="54" branch="false"/>
						<line number="133" hits="54" branch="false"/>
						<line number="135" hits="87" branch="false"/>
						<line number="137" hits="87" branch="false"/>
						<line number="138" hits="87" branch="true" condition-coverage="50% (2/4)">
							<conditions>
								<condition number="0" type="jump" coverage="50%"/>
								<condition number="1" type="jump" coverage="50%"/>
							</conditions>
						</line>
						<line number="139" hits="87" branch="false"/>
						<line number="140" hits="87" branch="true" condition-coverage="50% (1/2)">
							<conditions>
								<condition number="0" type="jump" coverage="50%"/>
							</conditions>
						</line>
						<line number="142" hits="0" branch="false"/>
						<line number="144" hits="87" branch="false"/>
						<line number="145" hits="87" branch="true" condition-coverage="100% (2/2)">
							<conditions>
								<condition number="0" type="jump" coverage="100%"/>
							</conditions>
						</line>
						<line number="146" hits="54" branch="false"/>
						<line number="149" hits="54" branch="false"/>
						<line number="150" hits="54" branch="false"/>
						<line number="154" hits="87" branch="false"/>
						<line number="155" hits="87" branch="true" condition-coverage="100% (4/4)">
							<conditions>
								<condition number="0" type="jump" coverage="100%"/>
								<condition number="1" type="jump" coverage="100%"/>
							</conditions>
						</line>
						<line number="156" hits="87" branch="false"/>
						<line number="159" hits="108" branch="false"/>
						<line number="163" hits="54" branch="false"/>
					</lines>
				</class>
				<class name="com.randomnoun.common.jessop.lang.RubyJessopScriptBuilder" filename="com/randomnoun/common/jessop/lang/RubyJessopScriptBuilder.java" line-rate="0.14285714285714285" branch-rate="0.0" complexity="2.1">
					<methods>
						<method name="&lt;init&gt;" signature="()V" line-rate="1.0" branch-rate="1.0" complexity="0">
							<lines>
								<line number="16" hits="108" branch="false"/>
								<line number="17" hits="108" branch="false"/>
								<line number="18" hits="108" branch="false"/>
								<line number="20" hits="108" branch="false"/>
								<line number="21" hits="108" branch="false"/>
							</lines>
						</method>
						<method name="emitExpression" signature="(ILjava/lang/String;)V" line-rate="0.0" branch-rate="0.0" complexity="0">
							<lines>
								<line number="71" hits="0" branch="true" condition-coverage="0% (0/2)">
									<conditions>
										<condition number="0" type="jump" coverage="0%"/>
									</conditions>
								</line>
								<line number="72" hits="0" branch="false"/>
								<line number="73" hits="0" branch="false"/>
								<line number="74" hits="0" branch="false"/>
								<line number="75" hits="0" branch="false"/>
							</lines>
						</method>
						<method name="emitScriptlet" signature="(ILjava/lang/String;)V" line-rate="0.0" branch-rate="0.0" complexity="0">
							<lines>
								<line number="78" hits="0" branch="true" condition-coverage="0% (0/2)">
									<conditions>
										<condition number="0" type="jump" coverage="0%"/>
									</conditions>
								</line>
								<line number="79" hits="0" branch="false"/>
								<line number="80" hits="0" branch="false"/>
								<line number="81" hits="0" branch="false"/>
								<line number="82" hits="0" branch="true" condition-coverage="0% (0/4)">
									<conditions>
										<condition number="0" type="jump" coverage="0%"/>
										<condition number="1" type="jump" coverage="0%"/>
									</conditions>
								</line>
								<line number="83" hits="0" branch="false"/>
							</lines>
						</method>
						<method name="emitText" signature="(ILjava/lang/String;)V" line-rate="0.0" branch-rate="0.0" complexity="0">
							<lines>
								<line number="63" hits="0" branch="true" condition-coverage="0% (0/2)">
									<conditions>
										<condition number="0" type="jump" coverage="0%"/>
									</conditions>
								</line>
								<line number="64" hits="0" branch="false"/>
								<line number="65" hits="0" branch="true" condition-coverage="0% (0/4)">
									<conditions>
										<condition number="0" type="jump" coverage="0%"/>
										<condition number="1" type="jump" coverage="0%"/>
									</conditions>
								</line>
								<line number="66" hits="0" branch="false"/>
								<line number="67" hits="0" branch="false"/>
								<line number="68" hits="0" branch="false"/>
							</lines>
						</method>
						<method name="escapeLua" signature="(Ljava/lang/String;)Ljava/lang/String;" line-rate="0.0" branch-rate="0.0" complexity="0">
							<lines>
								<line number="46" hits="0" branch="false"/>
								<line number="47" hits="0" branch="false"/>
								<line number="48" hits="0" branch="false"/>
								<line number="49" hits="0" branch="true" condition-coverage="0% (0/2)">
									<conditions>
										<condition number="0" type="jump" coverage="0%"/>
									</conditions>
								</line>
								<line number="50" hits="0" branch="false"/>
								<line number="51" hits="0" branch="false"/>
								<line number="52" hits="0" branch="true" condition-coverage="0% (0/2)">
									<conditions>
										<condition number="0" type="jump" coverage="0%"/>
									</conditions>
								</line>
								<line number="53" hits="0" branch="false"/>
								<line number="54" hits="0" branch="false"/>
								<line number="55" hits="0" branch="false"/>
								<line number="58" hits="0" branch="false"/>
							</lines>
						</method>
						<method name="getDefaultExceptionConverterClassName" signature="()Ljava/lang/String;" line-rate="0.0" branch-rate="1.0" complexity="0">
							<lines>
								<line number="94" hits="0" branch="false"/>
							</lines>
						</method>
						<method name="getDefaultScriptEngineName" signature="()Ljava/lang/String;" line-rate="0.0" branch-rate="1.0" complexity="0">
							<lines>
								<line number="90" hits="0" branch="false"/>
							</lines>
						</method>
						<method name="getLanguage" signature="()Ljava/lang/String;" line-rate="1.0" branch-rate="1.0" complexity="0">
							<lines>
								<line number="86" hits="108" branch="false"/>
							</lines>
						</method>
						<method name="print" signature="(Ljava/lang/String;)V" line-rate="0.0" branch-rate="0.0" complexity="0">
							<lines>
								<line number="27" hits="0" branch="false"/>
								<line number="28" hits="0" branch="true" condition-coverage="0% (0/2)">
									<conditions>
										<condition number="0" type="jump" coverage="0%"/>
									</conditions>
								</line>
								<line number="29" hits="0" branch="true" condition-coverage="0% (0/2)">
									<conditions>
										<condition number="0" type="jump" coverage="0%"/>
									</conditions>
								</line>
								<line number="31" hits="0" branch="false"/>
							</lines>
						</method>
						<method name="skipToLine" signature="(I)V" line-rate="0.0" branch-rate="0.0" complexity="0">
							<lines>
								<line number="23" hits="0" branch="true" condition-coverage="0% (0/2)">
									<conditions>
										<condition number="0" type="jump" coverage="0%"/>
									</conditions>
								</line>
								<line number="24" hits="0" branch="false"/>
							</lines>
						</method>
					</methods>
					<lines>
						<line number="16" hits="108" branch="false"/>
						<line number="17" hits="108" branch="false"/>
						<line number="18" hits="108" branch="false"/>
						<line number="20" hits="108" branch="false"/>
						<line number="21" hits="108" branch="false"/>
						<line number="23" hits="0" branch="true" condition-coverage="0% (0/2)">
							<conditions>
								<condition number="0" type="jump" coverage="0%"/>
							</conditions>
						</line>
						<line number="24" hits="0" branch="false"/>
						<line number="27" hits="0" branch="false"/>
						<line number="28" hits="0" branch="true" condition-coverage="0% (0/2)">
							<conditions>
								<condition number="0" type="jump" coverage="0%"/>
							</conditions>
						</line>
						<line number="29" hits="0" branch="true" condition-coverage="0% (0/2)">
							<conditions>
								<condition number="0" type="jump" coverage="0%"/>
							</conditions>
						</line>
						<line number="31" hits="0" branch="false"/>
						<line number="46" hits="0" branch="false"/>
						<line number="47" hits="0" branch="false"/>
						<line number="48" hits="0" branch="false"/>
						<line number="49" hits="0" branch="true" condition-coverage="0% (0/2)">
							<conditions>
								<condition number="0" type="jump" coverage="0%"/>
							</conditions>
						</line>
						<line number="50" hits="0" branch="false"/>
						<line number="51" hits="0" branch="false"/>
						<line number="52" hits="0" branch="true" condition-coverage="0% (0/2)">
							<conditions>
								<condition number="0" type="jump" coverage="0%"/>
							</conditions>
						</line>
						<line number="53" hits="0" branch="false"/>
						<line number="54" hits="0" branch="false"/>
						<line number="55" hits="0" branch="false"/>
						<line number="58" hits="0" branch="false"/>
						<line number="63" hits="0" branch="true" condition-coverage="0% (0/2)">
							<conditions>
								<condition number="0" type="jump" coverage="0%"/>
							</conditions>
						</line>
						<line number="64" hits="0" branch="false"/>
						<line number="65" hits="0" branch="true" condition-coverage="0% (0/4)">
							<conditions>
								<condition number="0" type="jump" coverage="0%"/>
								<condition number="1" type="jump" coverage="0%"/>
							</conditions>
						</line>
						<line number="66" hits="0" branch="false"/>
						<line number="67" hits="0" branch="false"/>
						<line number="68" hits="0" branch="false"/>
						<line number="71" hits="0" branch="true" condition-coverage="0% (0/2)">
							<conditions>
								<condition number="0" type="jump" coverage="0%"/>
							</conditions>
						</line>
						<line number="72" hits="0" branch="false"/>
						<line number="73" hits="0" branch="false"/>
						<line number="74" hits="0" branch="false"/>
						<line number="75" hits="0" branch="false"/>
						<line number="78" hits="0" branch="true" condition-coverage="0% (0/2)">
							<conditions>
								<condition number="0" type="jump" coverage="0%"/>
							</conditions>
						</line>
						<line number="79" hits="0" branch="false"/>
						<line number="80" hits="0" branch="false"/>
						<line number="81" hits="0" branch="false"/>
						<line number="82" hits="0" branch="true" condition-coverage="0% (0/4)">
							<conditions>
								<condition number="0" type="jump" coverage="0%"/>
								<condition number="1" type="jump" coverage="0%"/>
							</conditions>
						</line>
						<line number="83" hits="0" branch="false"/>
						<line number="86" hits="108" branch="false"/>
						<line number="90" hits="0" branch="false"/>
						<line number="94" hits="0" branch="false"/>
					</lines>
				</class>
			</classes>
		</package>
	</packages>
</coverage>
